pre-push executed
pre-push executed at  
-- 
Git hook .git/hooks/pre-push executed by git-push
Hook will call deploy.sh
-- 
-- 
Tue 10 Sep 2019 10:11:07 BST
Git hook .git/hooks/pre-push executed by git-push
Hook will call deploy.sh
-- 
-- 
Tue 10 Sep 2019 10:16:00 BST
Git hook .git/hooks/pre-push executed by git-push
Hook will call deploy.sh
-- 
Tue 10 Sep 2019 10:25:45 BST
Git hook .git/hooks/pre-push executed by git-push
Hook will call deploy.sh
-- 
Tue 10 Sep 2019 10:27:22 BST
Git hook .git/hooks/pre-push executed by git-push
Hook will call deploy.sh
-- 
Tue 10 Sep 2019 10:28:06 BST
Git hook .git/hooks/pre-push executed by git-push
Hook will call deploy.sh
-- 
Tue 10 Sep 2019 10:29:52 BST
Git hook .git/hooks/pre-push executed by git-push
Hook will call deploy.sh
-- 
Tue 10 Sep 2019 10:34:16 BST
Git hook .git/hooks/pre-push executed by git-push
Hook will call deploy.sh
-- 
Tue 10 Sep 2019 10:36:44 BST
Git hook .git/hooks/pre-push executed by git-push
Hook will call deploy.sh
-- 
Tue 10 Sep 2019 10:42:18 BST
Git hook .git/hooks/post-commit executed by git-commit
Hook will push master branch to remote origin
-- 
Tue 10 Sep 2019 10:42:20 BST
Git hook .git/hooks/pre-push executed by git-push
Hook will call deploy.sh
-- 
Tue 10 Sep 2019 13:58:29 BST
Git hook .git/hooks/post-commit executed by git-commit
Hook will push master branch to remote origin
-- 
Tue 10 Sep 2019 13:58:37 BST
Git hook .git/hooks/pre-push executed by git-push
Hook will call deploy.sh
-- 
Tue 10 Sep 2019 14:04:19 BST
Git hook .git/hooks/post-commit executed by git-commit
Hook will push master branch to remote origin
-- 
Tue 10 Sep 2019 14:04:25 BST
Git hook .git/hooks/pre-push executed by git-push
Hook will call deploy.sh
-- 
Tue 10 Sep 2019 14:07:32 BST
Git hook .git/hooks/pre-push executed by git-push
Hook will call deploy.sh
-- 
Tue 10 Sep 2019 14:13:13 BST
Git hook .git/hooks/post-commit executed by git-commit
Hook will push master branch to remote origin
-- 
Tue 10 Sep 2019 14:13:20 BST
Git hook .git/hooks/pre-push executed by git-push
Hook will call deploy.sh
-- 
Tue 10 Sep 2019 14:14:17 BST
Git hook .git/hooks/post-commit executed by git-commit
Hook will push master branch to remote origin
-- 
Tue 10 Sep 2019 14:14:25 BST
Git hook .git/hooks/pre-push executed by git-push
Hook will call deploy.sh
-- 
Tue 10 Sep 2019 14:16:53 BST
Git hook .git/hooks/pre-push executed by git-push
Hook will call deploy.sh
-- 
Tue 10 Sep 2019 14:21:13 BST
Git hook .git/hooks/post-commit executed by git-commit
Hook will push master branch to remote origin
-- 
Tue 10 Sep 2019 14:21:20 BST
Git hook .git/hooks/pre-push executed by git-push
Hook will call deploy.sh
-- 
Tue 10 Sep 2019 14:24:53 BST
Git hook .git/hooks/post-commit executed by git-commit
Hook will push master branch to remote origin
-- 
Tue 10 Sep 2019 14:24:59 BST
Git hook .git/hooks/pre-push executed by git-push
Hook will call deploy.sh
